<?xml version="1.0" encoding="UTF-8"?>
<testng-results skipped="0" failed="1" ignored="0" total="3" passed="2">
  <reporter-output>
  </reporter-output>
  <suite name="Default suite" duration-ms="5220" started-at="2017-12-10T16:21:32Z" finished-at="2017-12-10T16:21:37Z">
    <groups>
    </groups>
    <test name="Default test" duration-ms="5220" started-at="2017-12-10T16:21:32Z" finished-at="2017-12-10T16:21:37Z">
      <class name="com.rivigo.testscript.ExecutionSuite_CheckWeatherAPI">
        <test-method status="PASS" signature="setUp()[pri:0, instance:com.rivigo.testscript.ExecutionSuite_CheckWeatherAPI@29ee9faa]" name="setUp" is-config="true" duration-ms="24" started-at="2017-12-10T21:51:32Z" finished-at="2017-12-10T21:51:32Z">
          <reporter-output>
          </reporter-output>
        </test-method> <!-- setUp -->
        <test-method status="PASS" signature="verify_willItRain(java.lang.String)[pri:0, instance:com.rivigo.testscript.ExecutionSuite_CheckWeatherAPI@29ee9faa]" name="verify_willItRain" duration-ms="3973" started-at="2017-12-10T21:51:32Z" data-provider="locaities" finished-at="2017-12-10T21:51:36Z">
          <params>
            <param index="0">
              <value>
                <![CDATA[delhi, in]]>
              </value>
            </param>
          </params>
          <reporter-output>
          </reporter-output>
        </test-method> <!-- verify_willItRain -->
        <test-method status="PASS" signature="verify_willItRain(java.lang.String)[pri:0, instance:com.rivigo.testscript.ExecutionSuite_CheckWeatherAPI@29ee9faa]" name="verify_willItRain" duration-ms="695" started-at="2017-12-10T21:51:36Z" data-provider="locaities" finished-at="2017-12-10T21:51:37Z">
          <params>
            <param index="0">
              <value>
                <![CDATA[copenhagen, dn]]>
              </value>
            </param>
          </params>
          <reporter-output>
          </reporter-output>
        </test-method> <!-- verify_willItRain -->
        <test-method status="FAIL" signature="verify_willItRain(java.lang.String)[pri:0, instance:com.rivigo.testscript.ExecutionSuite_CheckWeatherAPI@29ee9faa]" name="verify_willItRain" duration-ms="461" started-at="2017-12-10T21:51:37Z" data-provider="locaities" finished-at="2017-12-10T21:51:37Z">
          <params>
            <param index="0">
              <value>
                <![CDATA[invalid,invalid]]>
              </value>
            </param>
          </params>
          <exception class="java.lang.AssertionError">
            <message>
              <![CDATA[Invalid Location expected [false] but found [true]]]>
            </message>
            <full-stacktrace>
              <![CDATA[java.lang.AssertionError: Invalid Location expected [false] but found [true]at org.testng.Assert.fail(Assert.java:96)at org.testng.Assert.failNotEquals(Assert.java:776)at org.testng.Assert.assertFalse(Assert.java:65)at com.rivigo.testscript.ExecutionSuite_CheckWeatherAPI.verify_willItRain(ExecutionSuite_CheckWeatherAPI.java:51)at sun.reflect.NativeMethodAccessorImpl.invoke0(Native Method)at sun.reflect.NativeMethodAccessorImpl.invoke(NativeMethodAccessorImpl.java:62)at sun.reflect.DelegatingMethodAccessorImpl.invoke(DelegatingMethodAccessorImpl.java:43)at java.lang.reflect.Method.invoke(Method.java:497)at org.testng.internal.MethodInvocationHelper.invokeMethod(MethodInvocationHelper.java:124)at org.testng.internal.Invoker.invokeMethod(Invoker.java:571)at org.testng.internal.Invoker.invokeTestMethod(Invoker.java:707)at org.testng.internal.Invoker.invokeTestMethods(Invoker.java:979)at org.testng.internal.TestMethodWorker.invokeTestMethods(TestMethodWorker.java:125)at org.testng.internal.TestMethodWorker.run(TestMethodWorker.java:109)at org.testng.TestRunner.privateRun(TestRunner.java:648)at org.testng.TestRunner.run(TestRunner.java:505)at org.testng.SuiteRunner.runTest(SuiteRunner.java:455)at org.testng.SuiteRunner.runSequentially(SuiteRunner.java:450)at org.testng.SuiteRunner.privateRun(SuiteRunner.java:415)at org.testng.SuiteRunner.run(SuiteRunner.java:364)at org.testng.SuiteRunnerWorker.runSuite(SuiteRunnerWorker.java:52)at org.testng.SuiteRunnerWorker.run(SuiteRunnerWorker.java:84)at org.testng.TestNG.runSuitesSequentially(TestNG.java:1187)at org.testng.TestNG.runSuitesLocally(TestNG.java:1116)at org.testng.TestNG.runSuites(TestNG.java:1028)at org.testng.TestNG.run(TestNG.java:996)at org.testng.remote.AbstractRemoteTestNG.run(AbstractRemoteTestNG.java:132)at org.testng.remote.RemoteTestNG.initAndRun(RemoteTestNG.java:230)at org.testng.remote.RemoteTestNG.main(RemoteTestNG.java:76)]]>
            </full-stacktrace>
          </exception> <!-- java.lang.AssertionError -->
          <reporter-output>
          </reporter-output>
        </test-method> <!-- verify_willItRain -->
      </class> <!-- com.rivigo.testscript.ExecutionSuite_CheckWeatherAPI -->
    </test> <!-- Default test -->
  </suite> <!-- Default suite -->
</testng-results>
